2026-03-05 10:58:11.324 INFO  [background-preinit] o.h.validator.internal.util.Version - HV000001: Hibernate Validator 8.0.3.Final
2026-03-05 10:58:11.414 INFO  [main] c.o.r.gateway.GatewayApplication - Starting GatewayApplication using Java 17.0.13 with PID 19040 (C:\Users\rava1124\IdeaProjects\BillOps\e-commerce-application-new\api-gateway-service\target\classes started by rava1124 in C:\Users\rava1124\IdeaProjects\BillOps\e-commerce-application-new\api-gateway-service)
2026-03-05 10:58:11.416 INFO  [main] c.o.r.gateway.GatewayApplication - No active profile set, falling back to 1 default profile: "default"
2026-03-05 10:58:11.474 INFO  [main] o.s.c.c.c.ConfigServerConfigDataLoader - Fetching config from server at : http://localhost:8888
2026-03-05 10:58:11.474 INFO  [main] o.s.c.c.c.ConfigServerConfigDataLoader - Located environment: name=api-gateway-service, profiles=[default], label=null, version=856282e139f21e40f30905e283f336e5cec7e984, state=
2026-03-05 10:58:13.392 INFO  [main] o.s.cloud.context.scope.GenericScope - BeanFactory id=fc4b508a-0e47-35a9-919f-7f260da4dbcf
2026-03-05 10:58:14.152 INFO  [main] o.s.b.w.e.tomcat.TomcatWebServer - Tomcat initialized with port 8081 (http)
2026-03-05 10:58:14.170 INFO  [main] o.a.coyote.http11.Http11NioProtocol - Initializing ProtocolHandler ["http-nio-8081"]
2026-03-05 10:58:14.173 INFO  [main] o.a.catalina.core.StandardService - Starting service [Tomcat]
2026-03-05 10:58:14.174 INFO  [main] o.a.catalina.core.StandardEngine - Starting Servlet engine: [Apache Tomcat/10.1.49]
2026-03-05 10:58:15.174 WARN  [main] o.s.c.g.c.GatewayClassPathWarningAutoConfiguration - 

**********************************************************

The artifact spring-cloud-gateway-server is deprecated. It will be removed in the next major release. Please add spring-cloud-gateway-server-webflux dependency.

**********************************************************


2026-03-05 10:58:16.000 INFO  [main] o.s.c.g.r.RouteDefinitionRouteLocator - Loaded RoutePredicateFactory [After]
2026-03-05 10:58:16.001 INFO  [main] o.s.c.g.r.RouteDefinitionRouteLocator - Loaded RoutePredicateFactory [Before]
2026-03-05 10:58:16.001 INFO  [main] o.s.c.g.r.RouteDefinitionRouteLocator - Loaded RoutePredicateFactory [Between]
2026-03-05 10:58:16.001 INFO  [main] o.s.c.g.r.RouteDefinitionRouteLocator - Loaded RoutePredicateFactory [Cookie]
2026-03-05 10:58:16.001 INFO  [main] o.s.c.g.r.RouteDefinitionRouteLocator - Loaded RoutePredicateFactory [Header]
2026-03-05 10:58:16.001 INFO  [main] o.s.c.g.r.RouteDefinitionRouteLocator - Loaded RoutePredicateFactory [Host]
2026-03-05 10:58:16.001 INFO  [main] o.s.c.g.r.RouteDefinitionRouteLocator - Loaded RoutePredicateFactory [Method]
2026-03-05 10:58:16.001 INFO  [main] o.s.c.g.r.RouteDefinitionRouteLocator - Loaded RoutePredicateFactory [Path]
2026-03-05 10:58:16.001 INFO  [main] o.s.c.g.r.RouteDefinitionRouteLocator - Loaded RoutePredicateFactory [Query]
2026-03-05 10:58:16.001 INFO  [main] o.s.c.g.r.RouteDefinitionRouteLocator - Loaded RoutePredicateFactory [ReadBody]
2026-03-05 10:58:16.001 INFO  [main] o.s.c.g.r.RouteDefinitionRouteLocator - Loaded RoutePredicateFactory [RemoteAddr]
2026-03-05 10:58:16.001 INFO  [main] o.s.c.g.r.RouteDefinitionRouteLocator - Loaded RoutePredicateFactory [XForwardedRemoteAddr]
2026-03-05 10:58:16.001 INFO  [main] o.s.c.g.r.RouteDefinitionRouteLocator - Loaded RoutePredicateFactory [Weight]
2026-03-05 10:58:16.001 INFO  [main] o.s.c.g.r.RouteDefinitionRouteLocator - Loaded RoutePredicateFactory [CloudFoundryRouteService]
2026-03-05 10:58:17.419 INFO  [main] o.s.b.a.e.web.EndpointLinksResolver - Exposing 29 endpoints beneath base path '/actuator'
2026-03-05 10:58:18.434 INFO  [main] o.s.c.n.e.c.DiscoveryClientOptionalArgsConfiguration - Eureka HTTP Client uses RestTemplate.
2026-03-05 10:58:18.515 WARN  [main] o.s.c.g.s.w.s.StarterDeprecatedAutoConfiguration - 

**********************************************************

spring-cloud-starter-gateway is deprecated. It will be removed in the next major release. Please use spring-cloud-starter-gateway-server-webflux instead.

**********************************************************


2026-03-05 10:58:18.533 WARN  [main] o.s.c.l.c.LoadBalancerCacheAutoConfiguration$LoadBalancerCaffeineWarnLogger - Spring Cloud LoadBalancer is currently working with the default cache. While this cache implementation is useful for development and tests, it's recommended to use Caffeine cache in production.You can switch to using Caffeine cache, by adding it and org.springframework.cache.caffeine.CaffeineCacheManager to the classpath.
2026-03-05 10:58:18.641 INFO  [main] o.s.c.n.eureka.InstanceInfoFactory - Setting initial instance status as: STARTING
2026-03-05 10:58:18.682 INFO  [main] c.netflix.discovery.DiscoveryClient - Initializing Eureka in region us-east-1
2026-03-05 10:58:18.690 INFO  [main] c.n.d.s.r.aws.ConfigClusterResolver - Resolving eureka endpoints via configuration
2026-03-05 10:58:18.709 INFO  [main] c.netflix.discovery.DiscoveryClient - Disable delta property : false
2026-03-05 10:58:18.709 INFO  [main] c.netflix.discovery.DiscoveryClient - Single vip registry refresh property : null
2026-03-05 10:58:18.709 INFO  [main] c.netflix.discovery.DiscoveryClient - Force full registry fetch : false
2026-03-05 10:58:18.709 INFO  [main] c.netflix.discovery.DiscoveryClient - Application is null : false
2026-03-05 10:58:18.709 INFO  [main] c.netflix.discovery.DiscoveryClient - Registered Applications size is zero : true
2026-03-05 10:58:18.710 INFO  [main] c.netflix.discovery.DiscoveryClient - Application version is -1: true
2026-03-05 10:58:18.710 INFO  [main] c.netflix.discovery.DiscoveryClient - Getting all instance registry info from the eureka server
2026-03-05 10:58:19.083 INFO  [main] c.netflix.discovery.DiscoveryClient - The response status is 200
2026-03-05 10:58:19.086 INFO  [main] c.netflix.discovery.DiscoveryClient - Starting heartbeat executor: renew interval is: 30
2026-03-05 10:58:19.090 INFO  [main] c.n.discovery.InstanceInfoReplicator - InstanceInfoReplicator onDemand update allowed rate per min is 4
2026-03-05 10:58:19.091 INFO  [main] c.netflix.discovery.DiscoveryClient - Discovery Client initialized at timestamp 1772688499091 with initial instances count: 1
2026-03-05 10:58:19.106 INFO  [main] o.s.c.n.e.s.EurekaServiceRegistry - Registering application API-GATEWAY-SERVICE with eureka with status UP
2026-03-05 10:58:19.106 INFO  [main] c.netflix.discovery.DiscoveryClient - Saw local status change event StatusChangeEvent [timestamp=1772688499106, current=UP, previous=STARTING]
2026-03-05 10:58:19.110 INFO  [DiscoveryClient-InstanceInfoReplicator-%d] c.netflix.discovery.DiscoveryClient - DiscoveryClient_API-GATEWAY-SERVICE/WS-19572.netcracker.com:api-gateway-service:8081: registering service...
2026-03-05 10:58:19.162 INFO  [main] o.a.coyote.http11.Http11NioProtocol - Starting ProtocolHandler ["http-nio-8081"]
2026-03-05 10:58:19.165 INFO  [DiscoveryClient-InstanceInfoReplicator-%d] c.netflix.discovery.DiscoveryClient - DiscoveryClient_API-GATEWAY-SERVICE/WS-19572.netcracker.com:api-gateway-service:8081 - registration status: 204
2026-03-05 10:58:19.184 INFO  [main] o.s.b.w.e.tomcat.TomcatWebServer - Tomcat started on port 8081 (http)
2026-03-05 10:58:19.185 INFO  [main] o.s.c.n.e.s.EurekaAutoServiceRegistration - Updating port to 8081
2026-03-05 10:58:19.518 INFO  [main] c.o.r.gateway.GatewayApplication - Started GatewayApplication in 16.559 seconds (process running for 17.281)
2026-03-05 10:58:19.557 INFO  [main] c.o.r.gateway.GatewayApplication - Api gateway service up ....
2026-03-05 11:03:18.719 INFO  [AsyncResolver-bootstrap-executor-%d] c.n.d.s.r.aws.ConfigClusterResolver - Resolving eureka endpoints via configuration
