2026-03-05 10:59:32.847 INFO  [main] c.o.r.i.InventoryManagementApplication - Starting InventoryManagementApplication using Java 17.0.13 with PID 9176 (C:\Users\rava1124\IdeaProjects\BillOps\e-commerce-application-new\inventory-management-service\target\classes started by rava1124 in C:\Users\rava1124\IdeaProjects\BillOps\e-commerce-application-new\inventory-management-service)
2026-03-05 10:59:32.851 INFO  [main] c.o.r.i.InventoryManagementApplication - No active profile set, falling back to 1 default profile: "default"
2026-03-05 10:59:32.962 INFO  [main] o.s.c.c.c.ConfigServerConfigDataLoader - Fetching config from server at : http://localhost:8888
2026-03-05 10:59:32.964 INFO  [main] o.s.c.c.c.ConfigServerConfigDataLoader - Located environment: name=inventory-management-service, profiles=[default], label=null, version=856282e139f21e40f30905e283f336e5cec7e984, state=
2026-03-05 10:59:35.998 INFO  [main] o.s.d.r.c.RepositoryConfigurationDelegate - Bootstrapping Spring Data JPA repositories in DEFAULT mode.
2026-03-05 10:59:36.973 INFO  [main] o.s.d.r.c.RepositoryConfigurationDelegate - Finished Spring Data repository scanning in 954 ms. Found 1 JPA repository interface.
2026-03-05 10:59:38.162 INFO  [main] o.s.cloud.context.scope.GenericScope - BeanFactory id=0d73b9af-fe92-3621-829c-67ddf2b47c0d
2026-03-05 10:59:41.255 INFO  [main] o.s.b.w.e.tomcat.TomcatWebServer - Tomcat initialized with port 8085 (http)
2026-03-05 10:59:41.292 INFO  [main] o.a.coyote.http11.Http11NioProtocol - Initializing ProtocolHandler ["http-nio-8085"]
2026-03-05 10:59:41.298 INFO  [main] o.a.catalina.core.StandardService - Starting service [Tomcat]
2026-03-05 10:59:41.304 INFO  [main] o.a.catalina.core.StandardEngine - Starting Servlet engine: [Apache Tomcat/10.1.49]
2026-03-05 10:59:41.675 INFO  [main] o.a.c.c.C.[Tomcat].[localhost].[/] - Initializing Spring embedded WebApplicationContext
2026-03-05 10:59:41.678 INFO  [main] o.s.b.w.s.c.ServletWebServerApplicationContext - Root WebApplicationContext: initialization completed in 8707 ms
2026-03-05 10:59:43.527 INFO  [main] o.h.jpa.internal.util.LogHelper - HHH000204: Processing PersistenceUnitInfo [name: default]
2026-03-05 10:59:43.714 INFO  [main] org.hibernate.Version - HHH000412: Hibernate ORM core version 6.6.36.Final
2026-03-05 10:59:43.819 INFO  [main] o.h.c.i.RegionFactoryInitiator - HHH000026: Second-level cache disabled
2026-03-05 10:59:45.116 INFO  [main] o.s.o.j.p.SpringPersistenceUnitInfo - No LoadTimeWeaver setup: ignoring JPA class transformer
2026-03-05 10:59:45.274 INFO  [main] com.zaxxer.hikari.HikariDataSource - HikariPool-1 - Starting...
2026-03-05 10:59:46.097 INFO  [main] com.zaxxer.hikari.pool.HikariPool - HikariPool-1 - Added connection org.postgresql.jdbc.PgConnection@59ebe484
2026-03-05 10:59:46.103 INFO  [main] com.zaxxer.hikari.HikariDataSource - HikariPool-1 - Start completed.
2026-03-05 10:59:46.490 INFO  [main] o.hibernate.orm.connections.pooling - HHH10001005: Database info:
	Database JDBC URL [Connecting through datasource 'HikariDataSource (HikariPool-1)']
	Database driver: undefined/unknown
	Database version: 17.4
	Autocommit mode: undefined/unknown
	Isolation level: undefined/unknown
	Minimum pool size: undefined/unknown
	Maximum pool size: undefined/unknown
2026-03-05 10:59:50.977 INFO  [main] o.h.e.t.j.p.i.JtaPlatformInitiator - HHH000489: No JTA platform available (set 'hibernate.transaction.jta.platform' to enable JTA platform integration)
2026-03-05 10:59:51.159 INFO  [main] o.s.o.j.LocalContainerEntityManagerFactoryBean - Initialized JPA EntityManagerFactory for persistence unit 'default'
2026-03-05 10:59:52.724 WARN  [main] o.s.b.a.o.j.JpaBaseConfiguration$JpaWebConfiguration - spring.jpa.open-in-view is enabled by default. Therefore, database queries may be performed during view rendering. Explicitly configure spring.jpa.open-in-view to disable this warning
2026-03-05 10:59:53.126 INFO  [main] o.s.v.b.OptionalValidatorFactoryBean - Failed to set up a Bean Validation provider: jakarta.validation.NoProviderFoundException: Unable to create a Configuration, because no Jakarta Bean Validation provider could be found. Add a provider like Hibernate Validator (RI) to your classpath.
2026-03-05 11:00:00.363 INFO  [main] o.s.c.n.e.c.DiscoveryClientOptionalArgsConfiguration - Eureka HTTP Client uses RestTemplate.
2026-03-05 11:00:00.732 WARN  [main] o.s.c.l.c.LoadBalancerCacheAutoConfiguration$LoadBalancerCaffeineWarnLogger - Spring Cloud LoadBalancer is currently working with the default cache. While this cache implementation is useful for development and tests, it's recommended to use Caffeine cache in production.You can switch to using Caffeine cache, by adding it and org.springframework.cache.caffeine.CaffeineCacheManager to the classpath.
2026-03-05 11:00:00.864 INFO  [main] o.s.b.a.e.web.EndpointLinksResolver - Exposing 29 endpoints beneath base path '/actuator'
2026-03-05 11:00:01.160 INFO  [main] o.s.c.n.eureka.InstanceInfoFactory - Setting initial instance status as: STARTING
2026-03-05 11:00:01.253 INFO  [main] c.netflix.discovery.DiscoveryClient - Initializing Eureka in region us-east-1
2026-03-05 11:00:01.267 INFO  [main] c.n.d.s.r.aws.ConfigClusterResolver - Resolving eureka endpoints via configuration
2026-03-05 11:00:01.304 INFO  [main] c.netflix.discovery.DiscoveryClient - Disable delta property : false
2026-03-05 11:00:01.305 INFO  [main] c.netflix.discovery.DiscoveryClient - Single vip registry refresh property : null
2026-03-05 11:00:01.305 INFO  [main] c.netflix.discovery.DiscoveryClient - Force full registry fetch : false
2026-03-05 11:00:01.306 INFO  [main] c.netflix.discovery.DiscoveryClient - Application is null : false
2026-03-05 11:00:01.306 INFO  [main] c.netflix.discovery.DiscoveryClient - Registered Applications size is zero : true
2026-03-05 11:00:01.306 INFO  [main] c.netflix.discovery.DiscoveryClient - Application version is -1: true
2026-03-05 11:00:01.306 INFO  [main] c.netflix.discovery.DiscoveryClient - Getting all instance registry info from the eureka server
2026-03-05 11:00:02.227 INFO  [main] c.netflix.discovery.DiscoveryClient - The response status is 200
2026-03-05 11:00:02.238 INFO  [main] c.netflix.discovery.DiscoveryClient - Starting heartbeat executor: renew interval is: 30
2026-03-05 11:00:02.247 INFO  [main] c.n.discovery.InstanceInfoReplicator - InstanceInfoReplicator onDemand update allowed rate per min is 4
2026-03-05 11:00:02.252 INFO  [main] c.netflix.discovery.DiscoveryClient - Discovery Client initialized at timestamp 1772688602251 with initial instances count: 4
2026-03-05 11:00:02.287 INFO  [main] o.s.c.n.e.s.EurekaServiceRegistry - Registering application INVENTORY-MANAGEMENT-SERVICE with eureka with status UP
2026-03-05 11:00:02.288 INFO  [main] c.netflix.discovery.DiscoveryClient - Saw local status change event StatusChangeEvent [timestamp=1772688602288, current=UP, previous=STARTING]
2026-03-05 11:00:02.291 INFO  [main] o.a.coyote.http11.Http11NioProtocol - Starting ProtocolHandler ["http-nio-8085"]
2026-03-05 11:00:02.294 INFO  [DiscoveryClient-InstanceInfoReplicator-%d] c.netflix.discovery.DiscoveryClient - DiscoveryClient_INVENTORY-MANAGEMENT-SERVICE/WS-19572.netcracker.com:inventory-management-service:8085: registering service...
2026-03-05 11:00:02.347 INFO  [main] o.s.b.w.e.tomcat.TomcatWebServer - Tomcat started on port 8085 (http) with context path '/'
2026-03-05 11:00:02.349 INFO  [main] o.s.c.n.e.s.EurekaAutoServiceRegistration - Updating port to 8085
2026-03-05 11:00:02.403 INFO  [DiscoveryClient-InstanceInfoReplicator-%d] c.netflix.discovery.DiscoveryClient - DiscoveryClient_INVENTORY-MANAGEMENT-SERVICE/WS-19572.netcracker.com:inventory-management-service:8085 - registration status: 204
2026-03-05 11:00:02.806 INFO  [main] c.o.r.i.InventoryManagementApplication - Started InventoryManagementApplication in 38.904 seconds (process running for 42.327)
2026-03-05 11:00:02.886 INFO  [main] c.o.r.i.InventoryManagementApplication - Inventory management service is up.......
2026-03-05 11:00:40.557 INFO  [http-nio-8085-exec-2] o.a.c.c.C.[Tomcat].[localhost].[/] - Initializing Spring DispatcherServlet 'dispatcherServlet'
2026-03-05 11:00:40.558 INFO  [http-nio-8085-exec-2] o.s.web.servlet.DispatcherServlet - Initializing Servlet 'dispatcherServlet'
2026-03-05 11:00:40.560 INFO  [http-nio-8085-exec-2] o.s.web.servlet.DispatcherServlet - Completed initialization in 2 ms
