2026-03-05 10:59:31.916 INFO  [main] c.o.r.o.OrderManagementApplication - Starting OrderManagementApplication using Java 17.0.13 with PID 16152 (C:\Users\rava1124\IdeaProjects\BillOps\e-commerce-application-new\order-management-service\target\classes started by rava1124 in C:\Users\rava1124\IdeaProjects\BillOps\e-commerce-application-new\order-management-service)
2026-03-05 10:59:31.922 INFO  [main] c.o.r.o.OrderManagementApplication - No active profile set, falling back to 1 default profile: "default"
2026-03-05 10:59:32.045 INFO  [main] o.s.c.c.c.ConfigServerConfigDataLoader - Fetching config from server at : http://localhost:8888
2026-03-05 10:59:32.046 INFO  [main] o.s.c.c.c.ConfigServerConfigDataLoader - Located environment: name=order-management-service, profiles=[default], label=null, version=856282e139f21e40f30905e283f336e5cec7e984, state=
2026-03-05 10:59:35.378 INFO  [main] o.s.d.r.c.RepositoryConfigurationDelegate - Bootstrapping Spring Data JPA repositories in DEFAULT mode.
2026-03-05 10:59:36.309 INFO  [main] o.s.d.r.c.RepositoryConfigurationDelegate - Finished Spring Data repository scanning in 907 ms. Found 2 JPA repository interfaces.
2026-03-05 10:59:37.339 INFO  [main] o.s.cloud.context.scope.GenericScope - BeanFactory id=ffadb714-6e46-35f7-8cb1-80a35e639d85
2026-03-05 10:59:40.255 INFO  [main] o.s.b.w.e.tomcat.TomcatWebServer - Tomcat initialized with port 8084 (http)
2026-03-05 10:59:40.284 INFO  [main] o.a.coyote.http11.Http11NioProtocol - Initializing ProtocolHandler ["http-nio-8084"]
2026-03-05 10:59:40.289 INFO  [main] o.a.catalina.core.StandardService - Starting service [Tomcat]
2026-03-05 10:59:40.290 INFO  [main] o.a.catalina.core.StandardEngine - Starting Servlet engine: [Apache Tomcat/10.1.49]
2026-03-05 10:59:40.658 INFO  [main] o.a.c.c.C.[Tomcat].[localhost].[/] - Initializing Spring embedded WebApplicationContext
2026-03-05 10:59:40.660 INFO  [main] o.s.b.w.s.c.ServletWebServerApplicationContext - Root WebApplicationContext: initialization completed in 8605 ms
2026-03-05 10:59:42.427 INFO  [main] o.h.jpa.internal.util.LogHelper - HHH000204: Processing PersistenceUnitInfo [name: default]
2026-03-05 10:59:42.625 INFO  [main] org.hibernate.Version - HHH000412: Hibernate ORM core version 6.6.36.Final
2026-03-05 10:59:42.820 INFO  [main] o.h.c.i.RegionFactoryInitiator - HHH000026: Second-level cache disabled
2026-03-05 10:59:43.783 INFO  [main] o.s.o.j.p.SpringPersistenceUnitInfo - No LoadTimeWeaver setup: ignoring JPA class transformer
2026-03-05 10:59:43.894 INFO  [main] com.zaxxer.hikari.HikariDataSource - HikariPool-1 - Starting...
2026-03-05 10:59:44.758 INFO  [main] com.zaxxer.hikari.pool.HikariPool - HikariPool-1 - Added connection org.postgresql.jdbc.PgConnection@1df8c7f4
2026-03-05 10:59:44.778 INFO  [main] com.zaxxer.hikari.HikariDataSource - HikariPool-1 - Start completed.
2026-03-05 10:59:45.039 INFO  [main] o.hibernate.orm.connections.pooling - HHH10001005: Database info:
	Database JDBC URL [Connecting through datasource 'HikariDataSource (HikariPool-1)']
	Database driver: undefined/unknown
	Database version: 17.4
	Autocommit mode: undefined/unknown
	Isolation level: undefined/unknown
	Minimum pool size: undefined/unknown
	Maximum pool size: undefined/unknown
2026-03-05 10:59:49.967 INFO  [main] o.h.e.t.j.p.i.JtaPlatformInitiator - HHH000489: No JTA platform available (set 'hibernate.transaction.jta.platform' to enable JTA platform integration)
2026-03-05 10:59:50.400 INFO  [main] o.s.o.j.LocalContainerEntityManagerFactoryBean - Initialized JPA EntityManagerFactory for persistence unit 'default'
2026-03-05 10:59:52.467 WARN  [main] o.s.b.a.o.j.JpaBaseConfiguration$JpaWebConfiguration - spring.jpa.open-in-view is enabled by default. Therefore, database queries may be performed during view rendering. Explicitly configure spring.jpa.open-in-view to disable this warning
2026-03-05 10:59:53.489 INFO  [main] o.s.c.o.FeignClientFactoryBean - For 'inventory-management-service' URL not provided. Will try picking an instance via load-balancing.
2026-03-05 10:59:53.834 INFO  [main] o.s.c.o.FeignClientFactoryBean - For 'payment-management-service' URL not provided. Will try picking an instance via load-balancing.
2026-03-05 10:59:53.942 INFO  [main] o.s.d.j.r.query.QueryEnhancerFactory - Hibernate is in classpath; If applicable, HQL parser will be used.
2026-03-05 10:59:55.942 INFO  [main] o.s.v.b.OptionalValidatorFactoryBean - Failed to set up a Bean Validation provider: jakarta.validation.NoProviderFoundException: Unable to create a Configuration, because no Jakarta Bean Validation provider could be found. Add a provider like Hibernate Validator (RI) to your classpath.
2026-03-05 11:00:01.841 INFO  [main] o.s.c.n.e.c.DiscoveryClientOptionalArgsConfiguration - Eureka HTTP Client uses RestTemplate.
2026-03-05 11:00:02.108 WARN  [main] o.s.c.l.c.LoadBalancerCacheAutoConfiguration$LoadBalancerCaffeineWarnLogger - Spring Cloud LoadBalancer is currently working with the default cache. While this cache implementation is useful for development and tests, it's recommended to use Caffeine cache in production.You can switch to using Caffeine cache, by adding it and org.springframework.cache.caffeine.CaffeineCacheManager to the classpath.
2026-03-05 11:00:02.193 INFO  [main] o.s.b.a.e.web.EndpointLinksResolver - Exposing 29 endpoints beneath base path '/actuator'
2026-03-05 11:00:02.483 INFO  [main] o.s.c.n.eureka.InstanceInfoFactory - Setting initial instance status as: STARTING
2026-03-05 11:00:02.587 INFO  [main] c.netflix.discovery.DiscoveryClient - Initializing Eureka in region us-east-1
2026-03-05 11:00:02.611 INFO  [main] c.n.d.s.r.aws.ConfigClusterResolver - Resolving eureka endpoints via configuration
2026-03-05 11:00:02.647 INFO  [main] c.netflix.discovery.DiscoveryClient - Disable delta property : false
2026-03-05 11:00:02.647 INFO  [main] c.netflix.discovery.DiscoveryClient - Single vip registry refresh property : null
2026-03-05 11:00:02.648 INFO  [main] c.netflix.discovery.DiscoveryClient - Force full registry fetch : false
2026-03-05 11:00:02.655 INFO  [main] c.netflix.discovery.DiscoveryClient - Application is null : false
2026-03-05 11:00:02.655 INFO  [main] c.netflix.discovery.DiscoveryClient - Registered Applications size is zero : true
2026-03-05 11:00:02.655 INFO  [main] c.netflix.discovery.DiscoveryClient - Application version is -1: true
2026-03-05 11:00:02.656 INFO  [main] c.netflix.discovery.DiscoveryClient - Getting all instance registry info from the eureka server
2026-03-05 11:00:03.393 INFO  [main] c.netflix.discovery.DiscoveryClient - The response status is 200
2026-03-05 11:00:03.396 INFO  [main] c.netflix.discovery.DiscoveryClient - Starting heartbeat executor: renew interval is: 30
2026-03-05 11:00:03.400 INFO  [main] c.n.discovery.InstanceInfoReplicator - InstanceInfoReplicator onDemand update allowed rate per min is 4
2026-03-05 11:00:03.403 INFO  [main] c.netflix.discovery.DiscoveryClient - Discovery Client initialized at timestamp 1772688603402 with initial instances count: 4
2026-03-05 11:00:03.433 INFO  [main] o.s.c.n.e.s.EurekaServiceRegistry - Registering application ORDER-MANAGEMENT-SERVICE with eureka with status UP
2026-03-05 11:00:03.434 INFO  [main] c.netflix.discovery.DiscoveryClient - Saw local status change event StatusChangeEvent [timestamp=1772688603434, current=UP, previous=STARTING]
2026-03-05 11:00:03.437 INFO  [main] o.a.coyote.http11.Http11NioProtocol - Starting ProtocolHandler ["http-nio-8084"]
2026-03-05 11:00:03.438 INFO  [DiscoveryClient-InstanceInfoReplicator-%d] c.netflix.discovery.DiscoveryClient - DiscoveryClient_ORDER-MANAGEMENT-SERVICE/WS-19572.netcracker.com:order-management-service:8084: registering service...
2026-03-05 11:00:03.488 INFO  [main] o.s.b.w.e.tomcat.TomcatWebServer - Tomcat started on port 8084 (http) with context path '/'
2026-03-05 11:00:03.490 INFO  [main] o.s.c.n.e.s.EurekaAutoServiceRegistration - Updating port to 8084
2026-03-05 11:00:03.528 INFO  [DiscoveryClient-InstanceInfoReplicator-%d] c.netflix.discovery.DiscoveryClient - DiscoveryClient_ORDER-MANAGEMENT-SERVICE/WS-19572.netcracker.com:order-management-service:8084 - registration status: 204
2026-03-05 11:00:03.847 INFO  [main] c.o.r.o.OrderManagementApplication - Started OrderManagementApplication in 39.631 seconds (process running for 41.574)
2026-03-05 11:00:03.930 INFO  [main] c.o.r.o.OrderManagementApplication - Order management service is up.......
2026-03-05 11:00:40.557 INFO  [http-nio-8084-exec-1] o.a.c.c.C.[Tomcat].[localhost].[/] - Initializing Spring DispatcherServlet 'dispatcherServlet'
2026-03-05 11:00:40.557 INFO  [http-nio-8084-exec-1] o.s.web.servlet.DispatcherServlet - Initializing Servlet 'dispatcherServlet'
2026-03-05 11:00:40.559 INFO  [http-nio-8084-exec-1] o.s.web.servlet.DispatcherServlet - Completed initialization in 2 ms
