2026-03-05 10:59:28.255 INFO  [main] c.o.r.i.PaymentManagementApplication - Starting PaymentManagementApplication using Java 17.0.13 with PID 4948 (C:\Users\rava1124\IdeaProjects\BillOps\e-commerce-application-new\payment-management-service\target\classes started by rava1124 in C:\Users\rava1124\IdeaProjects\BillOps\e-commerce-application-new\payment-management-service)
2026-03-05 10:59:28.258 INFO  [main] c.o.r.i.PaymentManagementApplication - No active profile set, falling back to 1 default profile: "default"
2026-03-05 10:59:28.342 INFO  [main] o.s.c.c.c.ConfigServerConfigDataLoader - Fetching config from server at : http://localhost:8888
2026-03-05 10:59:28.344 INFO  [main] o.s.c.c.c.ConfigServerConfigDataLoader - Located environment: name=payment-management-service, profiles=[default], label=null, version=856282e139f21e40f30905e283f336e5cec7e984, state=
2026-03-05 10:59:31.688 INFO  [main] o.s.d.r.c.RepositoryConfigurationDelegate - Bootstrapping Spring Data JPA repositories in DEFAULT mode.
2026-03-05 10:59:31.757 INFO  [main] o.s.d.r.c.RepositoryConfigurationDelegate - Finished Spring Data repository scanning in 38 ms. Found 0 JPA repository interfaces.
2026-03-05 10:59:32.889 INFO  [main] o.s.cloud.context.scope.GenericScope - BeanFactory id=8da720cd-06de-3319-87aa-8f722e16c00d
2026-03-05 10:59:35.680 INFO  [main] o.s.b.w.e.tomcat.TomcatWebServer - Tomcat initialized with port 8086 (http)
2026-03-05 10:59:35.709 INFO  [main] o.a.coyote.http11.Http11NioProtocol - Initializing ProtocolHandler ["http-nio-8086"]
2026-03-05 10:59:35.715 INFO  [main] o.a.catalina.core.StandardService - Starting service [Tomcat]
2026-03-05 10:59:35.716 INFO  [main] o.a.catalina.core.StandardEngine - Starting Servlet engine: [Apache Tomcat/10.1.49]
2026-03-05 10:59:35.933 INFO  [main] o.a.c.c.C.[Tomcat].[localhost].[/] - Initializing Spring embedded WebApplicationContext
2026-03-05 10:59:35.936 INFO  [main] o.s.b.w.s.c.ServletWebServerApplicationContext - Root WebApplicationContext: initialization completed in 7585 ms
2026-03-05 10:59:37.355 INFO  [main] o.h.jpa.internal.util.LogHelper - HHH000204: Processing PersistenceUnitInfo [name: default]
2026-03-05 10:59:37.592 INFO  [main] org.hibernate.Version - HHH000412: Hibernate ORM core version 6.6.36.Final
2026-03-05 10:59:37.741 INFO  [main] o.h.c.i.RegionFactoryInitiator - HHH000026: Second-level cache disabled
2026-03-05 10:59:38.949 INFO  [main] o.s.o.j.p.SpringPersistenceUnitInfo - No LoadTimeWeaver setup: ignoring JPA class transformer
2026-03-05 10:59:39.090 INFO  [main] com.zaxxer.hikari.HikariDataSource - HikariPool-1 - Starting...
2026-03-05 10:59:39.990 INFO  [main] com.zaxxer.hikari.pool.HikariPool - HikariPool-1 - Added connection org.postgresql.jdbc.PgConnection@35920655
2026-03-05 10:59:39.996 INFO  [main] com.zaxxer.hikari.HikariDataSource - HikariPool-1 - Start completed.
2026-03-05 10:59:40.332 INFO  [main] o.hibernate.orm.connections.pooling - HHH10001005: Database info:
	Database JDBC URL [Connecting through datasource 'HikariDataSource (HikariPool-1)']
	Database driver: undefined/unknown
	Database version: 17.4
	Autocommit mode: undefined/unknown
	Isolation level: undefined/unknown
	Minimum pool size: undefined/unknown
	Maximum pool size: undefined/unknown
2026-03-05 10:59:41.826 INFO  [main] o.h.e.t.j.p.i.JtaPlatformInitiator - HHH000489: No JTA platform available (set 'hibernate.transaction.jta.platform' to enable JTA platform integration)
2026-03-05 10:59:41.853 INFO  [main] o.s.o.j.LocalContainerEntityManagerFactoryBean - Initialized JPA EntityManagerFactory for persistence unit 'default'
2026-03-05 10:59:42.788 WARN  [main] o.s.b.a.o.j.JpaBaseConfiguration$JpaWebConfiguration - spring.jpa.open-in-view is enabled by default. Therefore, database queries may be performed during view rendering. Explicitly configure spring.jpa.open-in-view to disable this warning
2026-03-05 10:59:43.247 INFO  [main] o.s.v.b.OptionalValidatorFactoryBean - Failed to set up a Bean Validation provider: jakarta.validation.NoProviderFoundException: Unable to create a Configuration, because no Jakarta Bean Validation provider could be found. Add a provider like Hibernate Validator (RI) to your classpath.
2026-03-05 10:59:54.302 INFO  [main] o.s.c.n.e.c.DiscoveryClientOptionalArgsConfiguration - Eureka HTTP Client uses RestTemplate.
2026-03-05 10:59:54.663 WARN  [main] o.s.c.l.c.LoadBalancerCacheAutoConfiguration$LoadBalancerCaffeineWarnLogger - Spring Cloud LoadBalancer is currently working with the default cache. While this cache implementation is useful for development and tests, it's recommended to use Caffeine cache in production.You can switch to using Caffeine cache, by adding it and org.springframework.cache.caffeine.CaffeineCacheManager to the classpath.
2026-03-05 10:59:54.862 INFO  [main] o.s.b.a.e.web.EndpointLinksResolver - Exposing 29 endpoints beneath base path '/actuator'
2026-03-05 10:59:55.240 INFO  [main] o.s.c.n.eureka.InstanceInfoFactory - Setting initial instance status as: STARTING
2026-03-05 10:59:55.342 INFO  [main] c.netflix.discovery.DiscoveryClient - Initializing Eureka in region us-east-1
2026-03-05 10:59:55.353 INFO  [main] c.n.d.s.r.aws.ConfigClusterResolver - Resolving eureka endpoints via configuration
2026-03-05 10:59:55.386 INFO  [main] c.netflix.discovery.DiscoveryClient - Disable delta property : false
2026-03-05 10:59:55.387 INFO  [main] c.netflix.discovery.DiscoveryClient - Single vip registry refresh property : null
2026-03-05 10:59:55.388 INFO  [main] c.netflix.discovery.DiscoveryClient - Force full registry fetch : false
2026-03-05 10:59:55.396 INFO  [main] c.netflix.discovery.DiscoveryClient - Application is null : false
2026-03-05 10:59:55.396 INFO  [main] c.netflix.discovery.DiscoveryClient - Registered Applications size is zero : true
2026-03-05 10:59:55.396 INFO  [main] c.netflix.discovery.DiscoveryClient - Application version is -1: true
2026-03-05 10:59:55.396 INFO  [main] c.netflix.discovery.DiscoveryClient - Getting all instance registry info from the eureka server
2026-03-05 10:59:56.420 INFO  [main] c.netflix.discovery.DiscoveryClient - The response status is 200
2026-03-05 10:59:56.426 INFO  [main] c.netflix.discovery.DiscoveryClient - Starting heartbeat executor: renew interval is: 30
2026-03-05 10:59:56.431 INFO  [main] c.n.discovery.InstanceInfoReplicator - InstanceInfoReplicator onDemand update allowed rate per min is 4
2026-03-05 10:59:56.436 INFO  [main] c.netflix.discovery.DiscoveryClient - Discovery Client initialized at timestamp 1772688596435 with initial instances count: 2
2026-03-05 10:59:56.473 INFO  [main] o.s.c.n.e.s.EurekaServiceRegistry - Registering application PAYMENT-MANAGEMENT-SERVICE with eureka with status UP
2026-03-05 10:59:56.475 INFO  [main] c.netflix.discovery.DiscoveryClient - Saw local status change event StatusChangeEvent [timestamp=1772688596475, current=UP, previous=STARTING]
2026-03-05 10:59:56.480 INFO  [main] o.a.coyote.http11.Http11NioProtocol - Starting ProtocolHandler ["http-nio-8086"]
2026-03-05 10:59:56.482 INFO  [DiscoveryClient-InstanceInfoReplicator-%d] c.netflix.discovery.DiscoveryClient - DiscoveryClient_PAYMENT-MANAGEMENT-SERVICE/WS-19572.netcracker.com:payment-management-service:8086: registering service...
2026-03-05 10:59:56.544 INFO  [main] o.s.b.w.e.tomcat.TomcatWebServer - Tomcat started on port 8086 (http) with context path '/'
2026-03-05 10:59:56.545 INFO  [main] o.s.c.n.e.s.EurekaAutoServiceRegistration - Updating port to 8086
2026-03-05 10:59:56.596 INFO  [DiscoveryClient-InstanceInfoReplicator-%d] c.netflix.discovery.DiscoveryClient - DiscoveryClient_PAYMENT-MANAGEMENT-SERVICE/WS-19572.netcracker.com:payment-management-service:8086 - registration status: 204
2026-03-05 10:59:57.071 INFO  [main] c.o.r.i.PaymentManagementApplication - Started PaymentManagementApplication in 33.285 seconds (process running for 36.748)
2026-03-05 10:59:57.147 INFO  [main] c.o.r.i.PaymentManagementApplication - Payment management service is up.......
2026-03-05 11:00:10.569 INFO  [http-nio-8086-exec-1] o.a.c.c.C.[Tomcat].[localhost].[/] - Initializing Spring DispatcherServlet 'dispatcherServlet'
2026-03-05 11:00:10.570 INFO  [http-nio-8086-exec-1] o.s.web.servlet.DispatcherServlet - Initializing Servlet 'dispatcherServlet'
2026-03-05 11:00:10.572 INFO  [http-nio-8086-exec-1] o.s.web.servlet.DispatcherServlet - Completed initialization in 2 ms
